2022-03-02 15:22:02,218 [INFO ]  Note: NumExpr detected 20 cores but "NUMEXPR_MAX_THREADS" not set, so enforcing safe limit of 8.
2022-03-02 15:22:02,235 [INFO ]  Discretizing table takes 0.02289414405822754 secs
2022-03-02 15:22:02,235 [INFO ]  Learning BN optimal structure from data with 79851 rows and 2 cols
2022-03-02 15:22:03,872 [INFO ]  Structure learning took 1.636620044708252 secs.
2022-03-02 15:22:03,875 [INFO ]  Model spec[('badges.UserId', 'badges.Date')]
2022-03-02 15:22:03,876 [INFO ]  calling pgm.BayesianModel.fit...
2022-03-02 15:22:03,984 [INFO ]  done, took 0.10851383209228516 secs.
2022-03-02 15:22:06,956 [INFO ]  Discretizing table takes 2.9646530151367188 secs
2022-03-02 15:22:06,956 [INFO ]  Learning BN optimal structure from data with 328064 rows and 5 cols
2022-03-02 15:22:21,154 [INFO ]  Structure learning took 14.197916269302368 secs.
2022-03-02 15:22:21,158 [INFO ]  Model spec[('votes.PostId', 'votes.VoteTypeId'), ('votes.PostId', 'votes.CreationDate'), ('votes.VoteTypeId', 'votes.UserId'), ('votes.VoteTypeId', 'votes.BountyAmount')]
2022-03-02 15:22:21,159 [INFO ]  calling pgm.BayesianModel.fit...
2022-03-02 15:22:21,285 [INFO ]  done, took 0.12602710723876953 secs.
2022-03-02 15:22:21,420 [INFO ]  Discretizing table takes 0.10649514198303223 secs
2022-03-02 15:22:21,420 [INFO ]  Learning BN optimal structure from data with 303187 rows and 4 cols
2022-03-02 15:22:39,544 [INFO ]  Structure learning took 18.123391151428223 secs.
2022-03-02 15:22:39,554 [INFO ]  Model spec[('postHistory.UserId', 'postHistory.PostId'), ('postHistory.UserId', 'postHistory.CreationDate'), ('postHistory.PostHistoryTypeId', 'postHistory.UserId')]
2022-03-02 15:22:39,554 [INFO ]  calling pgm.BayesianModel.fit...
2022-03-02 15:22:39,778 [INFO ]  done, took 0.2233724594116211 secs.
2022-03-02 15:22:40,291 [INFO ]  Discretizing table takes 0.4910144805908203 secs
2022-03-02 15:22:40,291 [INFO ]  Learning BN optimal structure from data with 91976 rows and 9 cols
2022-03-02 15:22:54,496 [INFO ]  Structure learning took 14.204589605331421 secs.
2022-03-02 15:22:54,510 [INFO ]  Model spec[('posts.AnswerCount', 'posts.PostTypeId'), ('posts.OwnerUserId', 'posts.CreationDate'), ('posts.Id', 'posts.Score'), ('posts.Id', 'posts.ViewCount'), ('posts.Id', 'posts.OwnerUserId'), ('posts.ViewCount', 'posts.AnswerCount'), ('posts.Id', 'posts.CommentCount'), ('posts.Id', 'posts.FavoriteCount')]
2022-03-02 15:22:54,511 [INFO ]  calling pgm.BayesianModel.fit...
2022-03-02 15:22:54,796 [INFO ]  done, took 0.28548312187194824 secs.
2022-03-02 15:22:57,214 [INFO ]  Discretizing table takes 2.403932809829712 secs
2022-03-02 15:22:57,214 [INFO ]  Learning BN optimal structure from data with 40325 rows and 6 cols
2022-03-02 15:23:00,865 [INFO ]  Structure learning took 3.65132737159729 secs.
2022-03-02 15:23:00,875 [INFO ]  Model spec[('users.Id', 'users.Reputation'), ('users.Id', 'users.CreationDate'), ('users.Id', 'users.Views'), ('users.Reputation', 'users.UpVotes'), ('users.Id', 'users.DownVotes')]
2022-03-02 15:23:00,875 [INFO ]  calling pgm.BayesianModel.fit...
2022-03-02 15:23:01,015 [INFO ]  done, took 0.13968276977539062 secs.
2022-03-02 15:23:01,133 [INFO ]  Discretizing table takes 0.09703540802001953 secs
2022-03-02 15:23:01,133 [INFO ]  Learning BN optimal structure from data with 174305 rows and 4 cols
2022-03-02 15:23:10,709 [INFO ]  Structure learning took 9.576331853866577 secs.
2022-03-02 15:23:10,718 [INFO ]  Model spec[('comments.UserId', 'comments.Score'), ('comments.PostId', 'comments.CreationDate'), ('comments.CreationDate', 'comments.UserId')]
2022-03-02 15:23:10,718 [INFO ]  calling pgm.BayesianModel.fit...
2022-03-02 15:23:11,013 [INFO ]  done, took 0.2945592403411865 secs.
2022-03-02 15:23:11,036 [INFO ]  Discretizing table takes 0.014805316925048828 secs
2022-03-02 15:23:11,036 [INFO ]  Learning BN optimal structure from data with 11102 rows and 4 cols
2022-03-02 15:23:12,066 [INFO ]  Structure learning took 1.0300276279449463 secs.
2022-03-02 15:23:12,071 [INFO ]  Model spec[('postLinks.CreationDate', 'postLinks.PostId'), ('postLinks.CreationDate', 'postLinks.RelatedPostId'), ('postLinks.CreationDate', 'postLinks.LinkTypeId')]
2022-03-02 15:23:12,071 [INFO ]  calling pgm.BayesianModel.fit...
2022-03-02 15:23:12,284 [INFO ]  done, took 0.21271848678588867 secs.
2022-03-02 15:23:12,298 [INFO ]  Discretizing table takes 0.008111953735351562 secs
2022-03-02 15:23:12,298 [INFO ]  Learning BN optimal structure from data with 1032 rows and 2 cols
2022-03-02 15:23:12,340 [INFO ]  Structure learning took 0.04238247871398926 secs.
2022-03-02 15:23:12,341 [INFO ]  Model spec[('tags.Count', 'tags.ExcerptPostId')]
2022-03-02 15:23:12,341 [INFO ]  calling pgm.BayesianModel.fit...
2022-03-02 15:23:12,368 [INFO ]  done, took 0.02678656578063965 secs.
