2023-04-25 14:31:47,020 [INFO ]  Discretizing table takes 0.023798227310180664 secs
2023-04-25 14:31:47,021 [INFO ]  Learning BN optimal structure from data with 79851 rows and 2 cols
2023-04-25 14:31:47,553 [INFO ]  Structure learning took 0.5320484638214111 secs.
2023-04-25 14:31:47,560 [INFO ]  Model spec[('badges.UserId', 'badges.Date')]
2023-04-25 14:31:47,560 [INFO ]  calling pgm.BayesianModel.fit...
2023-04-25 14:31:47,615 [INFO ]  done, took 0.05517148971557617 secs.
2023-04-25 14:31:51,343 [INFO ]  Discretizing table takes 3.712757110595703 secs
2023-04-25 14:31:51,343 [INFO ]  Learning BN optimal structure from data with 328064 rows and 5 cols
2023-04-25 14:31:53,719 [INFO ]  Structure learning took 2.3755664825439453 secs.
2023-04-25 14:31:53,726 [INFO ]  Model spec[('votes.PostId', 'votes.VoteTypeId'), ('votes.PostId', 'votes.CreationDate'), ('votes.VoteTypeId', 'votes.UserId'), ('votes.VoteTypeId', 'votes.BountyAmount')]
2023-04-25 14:31:53,726 [INFO ]  calling pgm.BayesianModel.fit...
2023-04-25 14:31:53,965 [INFO ]  done, took 0.23925328254699707 secs.
2023-04-25 14:31:54,229 [INFO ]  Discretizing table takes 0.21996760368347168 secs
2023-04-25 14:31:54,229 [INFO ]  Learning BN optimal structure from data with 303187 rows and 4 cols
2023-04-25 14:31:57,513 [INFO ]  Structure learning took 3.283720016479492 secs.
2023-04-25 14:31:57,525 [INFO ]  Model spec[('postHistory.UserId', 'postHistory.PostId'), ('postHistory.UserId', 'postHistory.CreationDate'), ('postHistory.PostHistoryTypeId', 'postHistory.UserId')]
2023-04-25 14:31:57,525 [INFO ]  calling pgm.BayesianModel.fit...
2023-04-25 14:31:57,654 [INFO ]  done, took 0.12838363647460938 secs.
2023-04-25 14:31:58,374 [INFO ]  Discretizing table takes 0.6396374702453613 secs
2023-04-25 14:31:58,376 [INFO ]  Learning BN optimal structure from data with 91976 rows and 9 cols
2023-04-25 14:32:01,495 [INFO ]  Structure learning took 3.1192216873168945 secs.
2023-04-25 14:32:01,519 [INFO ]  Model spec[('posts.AnswerCount', 'posts.PostTypeId'), ('posts.OwnerUserId', 'posts.CreationDate'), ('posts.Id', 'posts.Score'), ('posts.Id', 'posts.ViewCount'), ('posts.Id', 'posts.OwnerUserId'), ('posts.ViewCount', 'posts.AnswerCount'), ('posts.Id', 'posts.CommentCount'), ('posts.Id', 'posts.FavoriteCount')]
2023-04-25 14:32:01,520 [INFO ]  calling pgm.BayesianModel.fit...
2023-04-25 14:32:01,774 [INFO ]  done, took 0.2542860507965088 secs.
2023-04-25 14:32:04,161 [INFO ]  Discretizing table takes 2.3400120735168457 secs
2023-04-25 14:32:04,161 [INFO ]  Learning BN optimal structure from data with 40325 rows and 6 cols
2023-04-25 14:32:04,911 [INFO ]  Structure learning took 0.7500712871551514 secs.
2023-04-25 14:32:04,922 [INFO ]  Model spec[('users.Id', 'users.Reputation'), ('users.Reputation', 'users.CreationDate'), ('users.Id', 'users.Views'), ('users.Reputation', 'users.UpVotes'), ('users.Id', 'users.DownVotes')]
2023-04-25 14:32:04,923 [INFO ]  calling pgm.BayesianModel.fit...
2023-04-25 14:32:04,984 [INFO ]  done, took 0.06149125099182129 secs.
2023-04-25 14:32:05,152 [INFO ]  Discretizing table takes 0.11444425582885742 secs
2023-04-25 14:32:05,152 [INFO ]  Learning BN optimal structure from data with 174305 rows and 4 cols
2023-04-25 14:32:06,824 [INFO ]  Structure learning took 1.6720900535583496 secs.
2023-04-25 14:32:06,834 [INFO ]  Model spec[('comments.UserId', 'comments.Score'), ('comments.PostId', 'comments.CreationDate'), ('comments.CreationDate', 'comments.UserId')]
2023-04-25 14:32:06,834 [INFO ]  calling pgm.BayesianModel.fit...
2023-04-25 14:32:06,988 [INFO ]  done, took 0.15434813499450684 secs.
2023-04-25 14:32:07,037 [INFO ]  Discretizing table takes 0.016648292541503906 secs
2023-04-25 14:32:07,037 [INFO ]  Learning BN optimal structure from data with 11102 rows and 4 cols
2023-04-25 14:32:07,334 [INFO ]  Structure learning took 0.2968132495880127 secs.
2023-04-25 14:32:07,338 [INFO ]  Model spec[('postLinks.CreationDate', 'postLinks.PostId'), ('postLinks.CreationDate', 'postLinks.RelatedPostId'), ('postLinks.CreationDate', 'postLinks.LinkTypeId')]
2023-04-25 14:32:07,339 [INFO ]  calling pgm.BayesianModel.fit...
2023-04-25 14:32:07,451 [INFO ]  done, took 0.11197519302368164 secs.
2023-04-25 14:32:07,468 [INFO ]  Discretizing table takes 0.009217500686645508 secs
2023-04-25 14:32:07,468 [INFO ]  Learning BN optimal structure from data with 1032 rows and 2 cols
2023-04-25 14:32:07,483 [INFO ]  Structure learning took 0.015312910079956055 secs.
2023-04-25 14:32:07,484 [INFO ]  Model spec[('tags.Count', 'tags.ExcerptPostId')]
2023-04-25 14:32:07,484 [INFO ]  calling pgm.BayesianModel.fit...
2023-04-25 14:32:07,502 [INFO ]  done, took 0.017438411712646484 secs.
