2022-11-04 13:53:31,442 [INFO ]  Discretizing table takes 0.0177609920501709 secs
2022-11-04 13:53:31,442 [INFO ]  Learning BN optimal structure from data with 54920 rows and 2 cols
2022-11-04 13:53:31,656 [INFO ]  Structure learning took 0.21392416954040527 secs.
2022-11-04 13:53:31,658 [INFO ]  Model spec[('badges.UserId', 'badges.Date')]
2022-11-04 13:53:31,658 [INFO ]  calling pgm.BayesianModel.fit...
2022-11-04 13:53:31,739 [INFO ]  done, took 0.08116793632507324 secs.
2022-11-04 13:53:32,975 [INFO ]  Discretizing table takes 1.2313380241394043 secs
2022-11-04 13:53:32,975 [INFO ]  Learning BN optimal structure from data with 245416 rows and 5 cols
2022-11-04 13:53:34,240 [INFO ]  Structure learning took 1.2652671337127686 secs.
2022-11-04 13:53:34,242 [INFO ]  Model spec[('votes.UserId', 'votes.VoteTypeId'), ('votes.PostId', 'votes.CreationDate'), ('votes.CreationDate', 'votes.UserId'), ('votes.VoteTypeId', 'votes.BountyAmount')]
2022-11-04 13:53:34,242 [INFO ]  calling pgm.BayesianModel.fit...
2022-11-04 13:53:34,314 [INFO ]  done, took 0.07201004028320312 secs.
2022-11-04 13:53:34,408 [INFO ]  Discretizing table takes 0.07331609725952148 secs
2022-11-04 13:53:34,408 [INFO ]  Learning BN optimal structure from data with 214696 rows and 4 cols
2022-11-04 13:53:36,164 [INFO ]  Structure learning took 1.755946159362793 secs.
2022-11-04 13:53:36,167 [INFO ]  Model spec[('postHistory.CreationDate', 'postHistory.PostId'), ('postHistory.UserId', 'postHistory.CreationDate'), ('postHistory.PostHistoryTypeId', 'postHistory.UserId')]
2022-11-04 13:53:36,167 [INFO ]  calling pgm.BayesianModel.fit...
2022-11-04 13:53:36,294 [INFO ]  done, took 0.12640595436096191 secs.
2022-11-04 13:53:36,583 [INFO ]  Discretizing table takes 0.2768898010253906 secs
2022-11-04 13:53:36,584 [INFO ]  Learning BN optimal structure from data with 65513 rows and 9 cols
2022-11-04 13:53:38,163 [INFO ]  Structure learning took 1.5789029598236084 secs.
2022-11-04 13:53:38,167 [INFO ]  Model spec[('posts.AnswerCount', 'posts.PostTypeId'), ('posts.OwnerUserId', 'posts.CreationDate'), ('posts.Id', 'posts.Score'), ('posts.FavoriteCount', 'posts.ViewCount'), ('posts.ViewCount', 'posts.OwnerUserId'), ('posts.ViewCount', 'posts.AnswerCount'), ('posts.Id', 'posts.CommentCount'), ('posts.Id', 'posts.FavoriteCount')]
2022-11-04 13:53:38,167 [INFO ]  calling pgm.BayesianModel.fit...
2022-11-04 13:53:38,330 [INFO ]  done, took 0.16283392906188965 secs.
2022-11-04 13:53:39,597 [INFO ]  Discretizing table takes 1.2578623294830322 secs
2022-11-04 13:53:39,597 [INFO ]  Learning BN optimal structure from data with 25878 rows and 6 cols
2022-11-04 13:53:40,028 [INFO ]  Structure learning took 0.43143296241760254 secs.
2022-11-04 13:53:40,032 [INFO ]  Model spec[('users.Id', 'users.Reputation'), ('users.Reputation', 'users.CreationDate'), ('users.Reputation', 'users.Views'), ('users.Reputation', 'users.UpVotes'), ('users.UpVotes', 'users.DownVotes')]
2022-11-04 13:53:40,032 [INFO ]  calling pgm.BayesianModel.fit...
2022-11-04 13:53:40,096 [INFO ]  done, took 0.06403017044067383 secs.
2022-11-04 13:53:40,165 [INFO ]  Discretizing table takes 0.05594515800476074 secs
2022-11-04 13:53:40,165 [INFO ]  Learning BN optimal structure from data with 126889 rows and 4 cols
2022-11-04 13:53:41,140 [INFO ]  Structure learning took 0.9751911163330078 secs.
2022-11-04 13:53:41,143 [INFO ]  Model spec[('comments.UserId', 'comments.Score'), ('comments.PostId', 'comments.CreationDate'), ('comments.CreationDate', 'comments.UserId')]
2022-11-04 13:53:41,143 [INFO ]  calling pgm.BayesianModel.fit...
2022-11-04 13:53:41,254 [INFO ]  done, took 0.11089801788330078 secs.
2022-11-04 13:53:41,269 [INFO ]  Discretizing table takes 0.009900093078613281 secs
2022-11-04 13:53:41,269 [INFO ]  Learning BN optimal structure from data with 7191 rows and 4 cols
2022-11-04 13:53:41,395 [INFO ]  Structure learning took 0.12641286849975586 secs.
2022-11-04 13:53:41,396 [INFO ]  Model spec[('postLinks.CreationDate', 'postLinks.PostId'), ('postLinks.CreationDate', 'postLinks.RelatedPostId'), ('postLinks.CreationDate', 'postLinks.LinkTypeId')]
2022-11-04 13:53:41,397 [INFO ]  calling pgm.BayesianModel.fit...
2022-11-04 13:53:41,478 [INFO ]  done, took 0.08099627494812012 secs.
2022-11-04 13:53:41,488 [INFO ]  Discretizing table takes 0.0062639713287353516 secs
2022-11-04 13:53:41,488 [INFO ]  Learning BN optimal structure from data with 1032 rows and 2 cols
2022-11-04 13:53:41,493 [INFO ]  Structure learning took 0.0048980712890625 secs.
2022-11-04 13:53:41,493 [INFO ]  Model spec[('tags.Count', 'tags.ExcerptPostId')]
2022-11-04 13:53:41,493 [INFO ]  calling pgm.BayesianModel.fit...
2022-11-04 13:53:41,504 [INFO ]  done, took 0.010938167572021484 secs.
2022-11-04 13:53:43,224 [WARNI]  Replacing existing CPD for badges.Date
2022-11-04 13:53:43,224 [WARNI]  Replacing existing CPD for badges.UserId
2022-11-04 13:53:43,482 [WARNI]  Replacing existing CPD for votes.BountyAmount
2022-11-04 13:53:43,482 [WARNI]  Replacing existing CPD for votes.CreationDate
2022-11-04 13:53:43,482 [WARNI]  Replacing existing CPD for votes.PostId
2022-11-04 13:53:43,482 [WARNI]  Replacing existing CPD for votes.UserId
2022-11-04 13:53:43,482 [WARNI]  Replacing existing CPD for votes.VoteTypeId
2022-11-04 13:53:43,657 [WARNI]  Replacing existing CPD for postHistory.CreationDate
2022-11-04 13:53:43,657 [WARNI]  Replacing existing CPD for postHistory.PostHistoryTypeId
2022-11-04 13:53:43,657 [WARNI]  Replacing existing CPD for postHistory.PostId
2022-11-04 13:53:43,657 [WARNI]  Replacing existing CPD for postHistory.UserId
2022-11-04 13:53:43,955 [WARNI]  Replacing existing CPD for posts.AnswerCount
2022-11-04 13:53:43,956 [WARNI]  Replacing existing CPD for posts.CommentCount
2022-11-04 13:53:43,956 [WARNI]  Replacing existing CPD for posts.CreationDate
2022-11-04 13:53:43,956 [WARNI]  Replacing existing CPD for posts.FavoriteCount
2022-11-04 13:53:43,956 [WARNI]  Replacing existing CPD for posts.Id
2022-11-04 13:53:43,956 [WARNI]  Replacing existing CPD for posts.OwnerUserId
2022-11-04 13:53:43,956 [WARNI]  Replacing existing CPD for posts.PostTypeId
2022-11-04 13:53:43,956 [WARNI]  Replacing existing CPD for posts.Score
2022-11-04 13:53:43,956 [WARNI]  Replacing existing CPD for posts.ViewCount
