2022-03-03 00:49:14,733 [INFO ]  Note: NumExpr detected 20 cores but "NUMEXPR_MAX_THREADS" not set, so enforcing safe limit of 8.
2022-03-03 00:49:14,749 [INFO ]  Discretizing table takes 0.020351171493530273 secs
2022-03-03 00:49:14,749 [INFO ]  Learning BN optimal structure from data with 79851 rows and 2 cols
2022-03-03 00:49:16,211 [INFO ]  Structure learning took 1.4620227813720703 secs.
2022-03-03 00:49:16,213 [INFO ]  Model spec[('badges.UserId', 'badges.Date')]
2022-03-03 00:49:16,213 [INFO ]  calling pgm.BayesianModel.fit...
2022-03-03 00:49:16,315 [INFO ]  done, took 0.10146808624267578 secs.
2022-03-03 00:49:19,300 [INFO ]  Discretizing table takes 2.9795992374420166 secs
2022-03-03 00:49:19,300 [INFO ]  Learning BN optimal structure from data with 328064 rows and 5 cols
2022-03-03 00:49:32,559 [INFO ]  Structure learning took 13.258080005645752 secs.
2022-03-03 00:49:32,561 [INFO ]  Model spec[('votes.UserId', 'votes.VoteTypeId'), ('votes.PostId', 'votes.CreationDate'), ('votes.CreationDate', 'votes.UserId'), ('votes.VoteTypeId', 'votes.BountyAmount')]
2022-03-03 00:49:32,562 [INFO ]  calling pgm.BayesianModel.fit...
2022-03-03 00:49:32,686 [INFO ]  done, took 0.12473940849304199 secs.
2022-03-03 00:49:32,816 [INFO ]  Discretizing table takes 0.10378599166870117 secs
2022-03-03 00:49:32,816 [INFO ]  Learning BN optimal structure from data with 303187 rows and 4 cols
2022-03-03 00:49:47,322 [INFO ]  Structure learning took 14.505510091781616 secs.
2022-03-03 00:49:47,326 [INFO ]  Model spec[('postHistory.CreationDate', 'postHistory.PostId'), ('postHistory.UserId', 'postHistory.CreationDate'), ('postHistory.PostHistoryTypeId', 'postHistory.UserId')]
2022-03-03 00:49:47,326 [INFO ]  calling pgm.BayesianModel.fit...
2022-03-03 00:49:47,493 [INFO ]  done, took 0.1672661304473877 secs.
2022-03-03 00:49:48,014 [INFO ]  Discretizing table takes 0.5047388076782227 secs
2022-03-03 00:49:48,014 [INFO ]  Learning BN optimal structure from data with 91976 rows and 9 cols
2022-03-03 00:50:01,958 [INFO ]  Structure learning took 13.943434000015259 secs.
2022-03-03 00:50:01,963 [INFO ]  Model spec[('posts.AnswerCount', 'posts.PostTypeId'), ('posts.OwnerUserId', 'posts.CreationDate'), ('posts.Id', 'posts.Score'), ('posts.FavoriteCount', 'posts.ViewCount'), ('posts.ViewCount', 'posts.OwnerUserId'), ('posts.ViewCount', 'posts.AnswerCount'), ('posts.Id', 'posts.CommentCount'), ('posts.Id', 'posts.FavoriteCount')]
2022-03-03 00:50:01,963 [INFO ]  calling pgm.BayesianModel.fit...
2022-03-03 00:50:02,178 [INFO ]  done, took 0.21425843238830566 secs.
2022-03-03 00:50:04,616 [INFO ]  Discretizing table takes 2.427532196044922 secs
2022-03-03 00:50:04,616 [INFO ]  Learning BN optimal structure from data with 40325 rows and 6 cols
2022-03-03 00:50:07,799 [INFO ]  Structure learning took 3.1829702854156494 secs.
2022-03-03 00:50:07,804 [INFO ]  Model spec[('users.Id', 'users.Reputation'), ('users.Reputation', 'users.CreationDate'), ('users.Reputation', 'users.Views'), ('users.Reputation', 'users.UpVotes'), ('users.UpVotes', 'users.DownVotes')]
2022-03-03 00:50:07,804 [INFO ]  calling pgm.BayesianModel.fit...
2022-03-03 00:50:07,891 [INFO ]  done, took 0.08614349365234375 secs.
2022-03-03 00:50:08,004 [INFO ]  Discretizing table takes 0.09757518768310547 secs
2022-03-03 00:50:08,005 [INFO ]  Learning BN optimal structure from data with 174305 rows and 4 cols
2022-03-03 00:50:16,099 [INFO ]  Structure learning took 8.094029188156128 secs.
2022-03-03 00:50:16,102 [INFO ]  Model spec[('comments.UserId', 'comments.Score'), ('comments.PostId', 'comments.CreationDate'), ('comments.CreationDate', 'comments.UserId')]
2022-03-03 00:50:16,103 [INFO ]  calling pgm.BayesianModel.fit...
2022-03-03 00:50:16,240 [INFO ]  done, took 0.13739991188049316 secs.
2022-03-03 00:50:16,260 [INFO ]  Discretizing table takes 0.014679670333862305 secs
2022-03-03 00:50:16,260 [INFO ]  Learning BN optimal structure from data with 11102 rows and 4 cols
2022-03-03 00:50:17,046 [INFO ]  Structure learning took 0.7854485511779785 secs.
2022-03-03 00:50:17,047 [INFO ]  Model spec[('postLinks.CreationDate', 'postLinks.PostId'), ('postLinks.CreationDate', 'postLinks.RelatedPostId'), ('postLinks.CreationDate', 'postLinks.LinkTypeId')]
2022-03-03 00:50:17,047 [INFO ]  calling pgm.BayesianModel.fit...
2022-03-03 00:50:17,121 [INFO ]  done, took 0.07382917404174805 secs.
2022-03-03 00:50:17,134 [INFO ]  Discretizing table takes 0.008091926574707031 secs
2022-03-03 00:50:17,134 [INFO ]  Learning BN optimal structure from data with 1032 rows and 2 cols
2022-03-03 00:50:17,157 [INFO ]  Structure learning took 0.0231931209564209 secs.
2022-03-03 00:50:17,157 [INFO ]  Model spec[('tags.Count', 'tags.ExcerptPostId')]
2022-03-03 00:50:17,157 [INFO ]  calling pgm.BayesianModel.fit...
2022-03-03 00:50:17,174 [INFO ]  done, took 0.016396760940551758 secs.
