2022-11-05 11:19:58,035 [INFO ]  Discretizing table takes 0.01637887954711914 secs
2022-11-05 11:19:58,035 [INFO ]  Learning BN optimal structure from data with 54920 rows and 2 cols
2022-11-05 11:19:58,249 [INFO ]  Structure learning took 0.2133951187133789 secs.
2022-11-05 11:19:58,250 [INFO ]  Model spec[('badges.UserId', 'badges.Date')]
2022-11-05 11:19:58,250 [INFO ]  calling pgm.BayesianModel.fit...
2022-11-05 11:19:58,329 [INFO ]  done, took 0.07839298248291016 secs.
2022-11-05 11:19:59,546 [INFO ]  Discretizing table takes 1.211988925933838 secs
2022-11-05 11:19:59,546 [INFO ]  Learning BN optimal structure from data with 245416 rows and 5 cols
2022-11-05 11:20:00,812 [INFO ]  Structure learning took 1.265882968902588 secs.
2022-11-05 11:20:00,813 [INFO ]  Model spec[('votes.UserId', 'votes.VoteTypeId'), ('votes.PostId', 'votes.CreationDate'), ('votes.CreationDate', 'votes.UserId'), ('votes.VoteTypeId', 'votes.BountyAmount')]
2022-11-05 11:20:00,814 [INFO ]  calling pgm.BayesianModel.fit...
2022-11-05 11:20:00,886 [INFO ]  done, took 0.07275009155273438 secs.
2022-11-05 11:20:00,977 [INFO ]  Discretizing table takes 0.07009601593017578 secs
2022-11-05 11:20:00,977 [INFO ]  Learning BN optimal structure from data with 214696 rows and 4 cols
2022-11-05 11:20:02,660 [INFO ]  Structure learning took 1.6827569007873535 secs.
2022-11-05 11:20:02,663 [INFO ]  Model spec[('postHistory.CreationDate', 'postHistory.PostId'), ('postHistory.UserId', 'postHistory.CreationDate'), ('postHistory.PostHistoryTypeId', 'postHistory.UserId')]
2022-11-05 11:20:02,663 [INFO ]  calling pgm.BayesianModel.fit...
2022-11-05 11:20:02,785 [INFO ]  done, took 0.12205791473388672 secs.
2022-11-05 11:20:03,070 [INFO ]  Discretizing table takes 0.2721219062805176 secs
2022-11-05 11:20:03,070 [INFO ]  Learning BN optimal structure from data with 65513 rows and 9 cols
2022-11-05 11:20:04,655 [INFO ]  Structure learning took 1.5841829776763916 secs.
2022-11-05 11:20:04,658 [INFO ]  Model spec[('posts.AnswerCount', 'posts.PostTypeId'), ('posts.OwnerUserId', 'posts.CreationDate'), ('posts.Id', 'posts.Score'), ('posts.FavoriteCount', 'posts.ViewCount'), ('posts.ViewCount', 'posts.OwnerUserId'), ('posts.ViewCount', 'posts.AnswerCount'), ('posts.Id', 'posts.CommentCount'), ('posts.Id', 'posts.FavoriteCount')]
2022-11-05 11:20:04,659 [INFO ]  calling pgm.BayesianModel.fit...
2022-11-05 11:20:04,818 [INFO ]  done, took 0.158858060836792 secs.
2022-11-05 11:20:06,085 [INFO ]  Discretizing table takes 1.2557482719421387 secs
2022-11-05 11:20:06,085 [INFO ]  Learning BN optimal structure from data with 25878 rows and 6 cols
2022-11-05 11:20:06,520 [INFO ]  Structure learning took 0.4352850914001465 secs.
2022-11-05 11:20:06,525 [INFO ]  Model spec[('users.Id', 'users.Reputation'), ('users.Reputation', 'users.CreationDate'), ('users.Reputation', 'users.Views'), ('users.Reputation', 'users.UpVotes'), ('users.UpVotes', 'users.DownVotes')]
2022-11-05 11:20:06,525 [INFO ]  calling pgm.BayesianModel.fit...
2022-11-05 11:20:06,591 [INFO ]  done, took 0.06554222106933594 secs.
2022-11-05 11:20:06,661 [INFO ]  Discretizing table takes 0.054592132568359375 secs
2022-11-05 11:20:06,661 [INFO ]  Learning BN optimal structure from data with 126889 rows and 4 cols
2022-11-05 11:20:07,641 [INFO ]  Structure learning took 0.9795210361480713 secs.
2022-11-05 11:20:07,644 [INFO ]  Model spec[('comments.UserId', 'comments.Score'), ('comments.PostId', 'comments.CreationDate'), ('comments.CreationDate', 'comments.UserId')]
2022-11-05 11:20:07,644 [INFO ]  calling pgm.BayesianModel.fit...
2022-11-05 11:20:07,755 [INFO ]  done, took 0.11139893531799316 secs.
2022-11-05 11:20:07,770 [INFO ]  Discretizing table takes 0.009689092636108398 secs
2022-11-05 11:20:07,771 [INFO ]  Learning BN optimal structure from data with 7191 rows and 4 cols
2022-11-05 11:20:07,894 [INFO ]  Structure learning took 0.12311911582946777 secs.
2022-11-05 11:20:07,895 [INFO ]  Model spec[('postLinks.CreationDate', 'postLinks.PostId'), ('postLinks.CreationDate', 'postLinks.RelatedPostId'), ('postLinks.CreationDate', 'postLinks.LinkTypeId')]
2022-11-05 11:20:07,895 [INFO ]  calling pgm.BayesianModel.fit...
2022-11-05 11:20:07,975 [INFO ]  done, took 0.08021402359008789 secs.
2022-11-05 11:20:07,986 [INFO ]  Discretizing table takes 0.005940914154052734 secs
2022-11-05 11:20:07,986 [INFO ]  Learning BN optimal structure from data with 1032 rows and 2 cols
2022-11-05 11:20:07,991 [INFO ]  Structure learning took 0.004839181900024414 secs.
2022-11-05 11:20:07,991 [INFO ]  Model spec[('tags.Count', 'tags.ExcerptPostId')]
2022-11-05 11:20:07,991 [INFO ]  calling pgm.BayesianModel.fit...
2022-11-05 11:20:08,002 [INFO ]  done, took 0.010536909103393555 secs.
2022-11-05 11:20:09,771 [WARNI]  Replacing existing CPD for badges.Date
2022-11-05 11:20:09,771 [WARNI]  Replacing existing CPD for badges.UserId
2022-11-05 11:20:10,025 [WARNI]  Replacing existing CPD for votes.BountyAmount
2022-11-05 11:20:10,025 [WARNI]  Replacing existing CPD for votes.CreationDate
2022-11-05 11:20:10,025 [WARNI]  Replacing existing CPD for votes.PostId
2022-11-05 11:20:10,025 [WARNI]  Replacing existing CPD for votes.UserId
2022-11-05 11:20:10,025 [WARNI]  Replacing existing CPD for votes.VoteTypeId
2022-11-05 11:20:10,199 [WARNI]  Replacing existing CPD for postHistory.CreationDate
2022-11-05 11:20:10,200 [WARNI]  Replacing existing CPD for postHistory.PostHistoryTypeId
2022-11-05 11:20:10,200 [WARNI]  Replacing existing CPD for postHistory.PostId
2022-11-05 11:20:10,200 [WARNI]  Replacing existing CPD for postHistory.UserId
2022-11-05 11:20:10,494 [WARNI]  Replacing existing CPD for posts.AnswerCount
2022-11-05 11:20:10,494 [WARNI]  Replacing existing CPD for posts.CommentCount
2022-11-05 11:20:10,494 [WARNI]  Replacing existing CPD for posts.CreationDate
2022-11-05 11:20:10,494 [WARNI]  Replacing existing CPD for posts.FavoriteCount
2022-11-05 11:20:10,494 [WARNI]  Replacing existing CPD for posts.Id
2022-11-05 11:20:10,494 [WARNI]  Replacing existing CPD for posts.OwnerUserId
2022-11-05 11:20:10,495 [WARNI]  Replacing existing CPD for posts.PostTypeId
2022-11-05 11:20:10,495 [WARNI]  Replacing existing CPD for posts.Score
2022-11-05 11:20:10,495 [WARNI]  Replacing existing CPD for posts.ViewCount
2022-11-05 11:20:10,891 [WARNI]  Replacing existing CPD for users.CreationDate
2022-11-05 11:20:10,891 [WARNI]  Replacing existing CPD for users.DownVotes
2022-11-05 11:20:10,891 [WARNI]  Replacing existing CPD for users.Id
2022-11-05 11:20:10,891 [WARNI]  Replacing existing CPD for users.Reputation
2022-11-05 11:20:10,891 [WARNI]  Replacing existing CPD for users.UpVotes
2022-11-05 11:20:10,891 [WARNI]  Replacing existing CPD for users.Views
2022-11-05 11:20:11,027 [WARNI]  Replacing existing CPD for comments.CreationDate
2022-11-05 11:20:11,027 [WARNI]  Replacing existing CPD for comments.PostId
2022-11-05 11:20:11,027 [WARNI]  Replacing existing CPD for comments.Score
2022-11-05 11:20:11,027 [WARNI]  Replacing existing CPD for comments.UserId
2022-11-05 11:20:11,149 [WARNI]  Replacing existing CPD for postLinks.CreationDate
2022-11-05 11:20:11,149 [WARNI]  Replacing existing CPD for postLinks.LinkTypeId
2022-11-05 11:20:11,149 [WARNI]  Replacing existing CPD for postLinks.PostId
2022-11-05 11:20:11,149 [WARNI]  Replacing existing CPD for postLinks.RelatedPostId
