2021-11-17 12:57:06,204 [INFO ]  Discretizing table takes 0.021227121353149414 secs
2021-11-17 12:57:06,204 [INFO ]  Learning BN optimal structure from data with 79851 rows and 2 cols
2021-11-17 12:57:06,488 [INFO ]  Structure learning took 0.28325915336608887 secs.
2021-11-17 12:57:06,489 [INFO ]  Model spec[('badges.UserId', 'badges.Date')]
2021-11-17 12:57:06,489 [INFO ]  calling pgm.BayesianModel.fit...
2021-11-17 12:57:06,551 [INFO ]  done, took 0.06181621551513672 secs.
2021-11-17 12:57:08,135 [INFO ]  Discretizing table takes 1.5787298679351807 secs
2021-11-17 12:57:08,136 [INFO ]  Learning BN optimal structure from data with 328064 rows and 5 cols
2021-11-17 12:57:09,812 [INFO ]  Structure learning took 1.6758198738098145 secs.
2021-11-17 12:57:09,814 [INFO ]  Model spec[('votes.UserId', 'votes.VoteTypeId'), ('votes.PostId', 'votes.CreationDate'), ('votes.CreationDate', 'votes.UserId'), ('votes.VoteTypeId', 'votes.BountyAmount')]
2021-11-17 12:57:09,814 [INFO ]  calling pgm.BayesianModel.fit...
2021-11-17 12:57:09,906 [INFO ]  done, took 0.09223699569702148 secs.
2021-11-17 12:57:10,015 [INFO ]  Discretizing table takes 0.08424711227416992 secs
2021-11-17 12:57:10,015 [INFO ]  Learning BN optimal structure from data with 303187 rows and 4 cols
2021-11-17 12:57:12,225 [INFO ]  Structure learning took 2.209885835647583 secs.
2021-11-17 12:57:12,228 [INFO ]  Model spec[('postHistory.CreationDate', 'postHistory.PostId'), ('postHistory.UserId', 'postHistory.CreationDate'), ('postHistory.PostHistoryTypeId', 'postHistory.UserId')]
2021-11-17 12:57:12,228 [INFO ]  calling pgm.BayesianModel.fit...
2021-11-17 12:57:12,370 [INFO ]  done, took 0.14188170433044434 secs.
2021-11-17 12:57:12,697 [INFO ]  Discretizing table takes 0.3131449222564697 secs
2021-11-17 12:57:12,697 [INFO ]  Learning BN optimal structure from data with 91976 rows and 9 cols
2021-11-17 12:57:14,772 [INFO ]  Structure learning took 2.074157953262329 secs.
2021-11-17 12:57:14,775 [INFO ]  Model spec[('posts.AnswerCount', 'posts.PostTypeId'), ('posts.OwnerUserId', 'posts.CreationDate'), ('posts.Id', 'posts.Score'), ('posts.FavoriteCount', 'posts.ViewCount'), ('posts.ViewCount', 'posts.OwnerUserId'), ('posts.ViewCount', 'posts.AnswerCount'), ('posts.Id', 'posts.CommentCount'), ('posts.Id', 'posts.FavoriteCount')]
2021-11-17 12:57:14,776 [INFO ]  calling pgm.BayesianModel.fit...
2021-11-17 12:57:14,950 [INFO ]  done, took 0.17416596412658691 secs.
2021-11-17 12:57:16,242 [INFO ]  Discretizing table takes 1.2834858894348145 secs
2021-11-17 12:57:16,242 [INFO ]  Learning BN optimal structure from data with 40325 rows and 6 cols
2021-11-17 12:57:16,791 [INFO ]  Structure learning took 0.5489330291748047 secs.
2021-11-17 12:57:16,795 [INFO ]  Model spec[('users.Id', 'users.Reputation'), ('users.Reputation', 'users.CreationDate'), ('users.Reputation', 'users.Views'), ('users.Reputation', 'users.UpVotes'), ('users.UpVotes', 'users.DownVotes')]
2021-11-17 12:57:16,795 [INFO ]  calling pgm.BayesianModel.fit...
2021-11-17 12:57:16,859 [INFO ]  done, took 0.06441998481750488 secs.
2021-11-17 12:57:16,933 [INFO ]  Discretizing table takes 0.06249594688415527 secs
2021-11-17 12:57:16,934 [INFO ]  Learning BN optimal structure from data with 174305 rows and 4 cols
2021-11-17 12:57:18,157 [INFO ]  Structure learning took 1.2230591773986816 secs.
2021-11-17 12:57:18,159 [INFO ]  Model spec[('comments.UserId', 'comments.Score'), ('comments.PostId', 'comments.CreationDate'), ('comments.CreationDate', 'comments.UserId')]
2021-11-17 12:57:18,159 [INFO ]  calling pgm.BayesianModel.fit...
2021-11-17 12:57:18,275 [INFO ]  done, took 0.11583590507507324 secs.
2021-11-17 12:57:18,291 [INFO ]  Discretizing table takes 0.010863065719604492 secs
2021-11-17 12:57:18,291 [INFO ]  Learning BN optimal structure from data with 11102 rows and 4 cols
2021-11-17 12:57:18,464 [INFO ]  Structure learning took 0.17279887199401855 secs.
2021-11-17 12:57:18,465 [INFO ]  Model spec[('postLinks.CreationDate', 'postLinks.PostId'), ('postLinks.CreationDate', 'postLinks.RelatedPostId'), ('postLinks.CreationDate', 'postLinks.LinkTypeId')]
2021-11-17 12:57:18,465 [INFO ]  calling pgm.BayesianModel.fit...
2021-11-17 12:57:18,526 [INFO ]  done, took 0.06043815612792969 secs.
2021-11-17 12:57:18,535 [INFO ]  Discretizing table takes 0.006003141403198242 secs
2021-11-17 12:57:18,535 [INFO ]  Learning BN optimal structure from data with 1032 rows and 2 cols
2021-11-17 12:57:18,540 [INFO ]  Structure learning took 0.004892826080322266 secs.
2021-11-17 12:57:18,540 [INFO ]  Model spec[('tags.Count', 'tags.ExcerptPostId')]
2021-11-17 12:57:18,540 [INFO ]  calling pgm.BayesianModel.fit...
2021-11-17 12:57:18,551 [INFO ]  done, took 0.010869979858398438 secs.
