2022-03-23 19:51:30,348 [INFO ]  Note: NumExpr detected 20 cores but "NUMEXPR_MAX_THREADS" not set, so enforcing safe limit of 8.
2022-03-23 19:51:30,368 [INFO ]  Discretizing table takes 0.0284423828125 secs
2022-03-23 19:51:30,368 [INFO ]  Learning BN optimal structure from data with 79851 rows and 2 cols
2022-03-23 19:51:31,892 [INFO ]  Structure learning took 1.523043155670166 secs.
2022-03-23 19:51:31,894 [INFO ]  Model spec[('badges.UserId', 'badges.Date')]
2022-03-23 19:51:31,894 [INFO ]  calling pgm.BayesianModel.fit...
2022-03-23 19:51:32,032 [INFO ]  done, took 0.13710379600524902 secs.
2022-03-23 19:51:35,515 [INFO ]  Discretizing table takes 3.476443290710449 secs
2022-03-23 19:51:35,516 [INFO ]  Learning BN optimal structure from data with 328064 rows and 5 cols
2022-03-23 19:51:49,487 [INFO ]  Structure learning took 13.970869302749634 secs.
2022-03-23 19:51:49,492 [INFO ]  Model spec[('votes.UserId', 'votes.VoteTypeId'), ('votes.PostId', 'votes.CreationDate'), ('votes.PostId', 'votes.UserId'), ('votes.VoteTypeId', 'votes.BountyAmount')]
2022-03-23 19:51:49,492 [INFO ]  calling pgm.BayesianModel.fit...
2022-03-23 19:51:49,657 [INFO ]  done, took 0.16454434394836426 secs.
2022-03-23 19:51:49,819 [INFO ]  Discretizing table takes 0.1255199909210205 secs
2022-03-23 19:51:49,820 [INFO ]  Learning BN optimal structure from data with 303187 rows and 4 cols
2022-03-23 19:52:00,838 [INFO ]  Structure learning took 11.018389701843262 secs.
2022-03-23 19:52:00,844 [INFO ]  Model spec[('postHistory.CreationDate', 'postHistory.PostId'), ('postHistory.UserId', 'postHistory.CreationDate'), ('postHistory.PostHistoryTypeId', 'postHistory.UserId')]
2022-03-23 19:52:00,844 [INFO ]  calling pgm.BayesianModel.fit...
2022-03-23 19:52:01,122 [INFO ]  done, took 0.2776784896850586 secs.
2022-03-23 19:52:01,742 [INFO ]  Discretizing table takes 0.598562479019165 secs
2022-03-23 19:52:01,742 [INFO ]  Learning BN optimal structure from data with 91976 rows and 9 cols
2022-03-23 19:52:16,515 [INFO ]  Structure learning took 14.772101163864136 secs.
2022-03-23 19:52:16,526 [INFO ]  Model spec[('posts.AnswerCount', 'posts.PostTypeId'), ('posts.Id', 'posts.CreationDate'), ('posts.CreationDate', 'posts.Score'), ('posts.CreationDate', 'posts.ViewCount'), ('posts.CreationDate', 'posts.OwnerUserId'), ('posts.ViewCount', 'posts.AnswerCount'), ('posts.Score', 'posts.CommentCount'), ('posts.ViewCount', 'posts.FavoriteCount')]
2022-03-23 19:52:16,526 [INFO ]  calling pgm.BayesianModel.fit...
2022-03-23 19:52:16,967 [INFO ]  done, took 0.4408688545227051 secs.
2022-03-23 19:52:19,932 [INFO ]  Discretizing table takes 2.9502365589141846 secs
2022-03-23 19:52:19,933 [INFO ]  Learning BN optimal structure from data with 40325 rows and 6 cols
2022-03-23 19:52:23,690 [INFO ]  Structure learning took 3.757150173187256 secs.
2022-03-23 19:52:23,698 [INFO ]  Model spec[('users.CreationDate', 'users.Reputation'), ('users.Id', 'users.CreationDate'), ('users.Reputation', 'users.Views'), ('users.Reputation', 'users.UpVotes'), ('users.UpVotes', 'users.DownVotes')]
2022-03-23 19:52:23,698 [INFO ]  calling pgm.BayesianModel.fit...
2022-03-23 19:52:23,858 [INFO ]  done, took 0.15977931022644043 secs.
2022-03-23 19:52:23,987 [INFO ]  Discretizing table takes 0.11004400253295898 secs
2022-03-23 19:52:23,988 [INFO ]  Learning BN optimal structure from data with 174305 rows and 4 cols
2022-03-23 19:52:30,427 [INFO ]  Structure learning took 6.438830375671387 secs.
2022-03-23 19:52:30,431 [INFO ]  Model spec[('comments.CreationDate', 'comments.Score'), ('comments.PostId', 'comments.CreationDate'), ('comments.CreationDate', 'comments.UserId')]
2022-03-23 19:52:30,431 [INFO ]  calling pgm.BayesianModel.fit...
2022-03-23 19:52:30,693 [INFO ]  done, took 0.26197314262390137 secs.
2022-03-23 19:52:30,719 [INFO ]  Discretizing table takes 0.01728224754333496 secs
2022-03-23 19:52:30,719 [INFO ]  Learning BN optimal structure from data with 11102 rows and 4 cols
2022-03-23 19:52:31,327 [INFO ]  Structure learning took 0.6080915927886963 secs.
2022-03-23 19:52:31,331 [INFO ]  Model spec[('postLinks.CreationDate', 'postLinks.PostId'), ('postLinks.CreationDate', 'postLinks.RelatedPostId'), ('postLinks.PostId', 'postLinks.LinkTypeId')]
2022-03-23 19:52:31,332 [INFO ]  calling pgm.BayesianModel.fit...
2022-03-23 19:52:31,540 [INFO ]  done, took 0.20751047134399414 secs.
2022-03-23 19:52:31,559 [INFO ]  Discretizing table takes 0.010810136795043945 secs
2022-03-23 19:52:31,559 [INFO ]  Learning BN optimal structure from data with 1032 rows and 2 cols
2022-03-23 19:52:31,645 [INFO ]  Structure learning took 0.08649396896362305 secs.
2022-03-23 19:52:31,646 [INFO ]  Model spec[('tags.Count', 'tags.ExcerptPostId')]
2022-03-23 19:52:31,647 [INFO ]  calling pgm.BayesianModel.fit...
2022-03-23 19:52:31,703 [INFO ]  done, took 0.056784868240356445 secs.
