2022-11-05 11:30:36,563 [INFO ]  Discretizing table takes 0.01661229133605957 secs
2022-11-05 11:30:36,563 [INFO ]  Learning BN optimal structure from data with 54920 rows and 2 cols
2022-11-05 11:30:36,773 [INFO ]  Structure learning took 0.20943093299865723 secs.
2022-11-05 11:30:36,774 [INFO ]  Model spec[('badges.UserId', 'badges.Date')]
2022-11-05 11:30:36,774 [INFO ]  calling pgm.BayesianModel.fit...
2022-11-05 11:30:36,854 [INFO ]  done, took 0.08009910583496094 secs.
2022-11-05 11:30:38,082 [INFO ]  Discretizing table takes 1.2232658863067627 secs
2022-11-05 11:30:38,083 [INFO ]  Learning BN optimal structure from data with 245416 rows and 5 cols
2022-11-05 11:30:39,325 [INFO ]  Structure learning took 1.2426948547363281 secs.
2022-11-05 11:30:39,327 [INFO ]  Model spec[('votes.UserId', 'votes.VoteTypeId'), ('votes.PostId', 'votes.CreationDate'), ('votes.CreationDate', 'votes.UserId'), ('votes.VoteTypeId', 'votes.BountyAmount')]
2022-11-05 11:30:39,327 [INFO ]  calling pgm.BayesianModel.fit...
2022-11-05 11:30:39,408 [INFO ]  done, took 0.08086705207824707 secs.
2022-11-05 11:30:39,503 [INFO ]  Discretizing table takes 0.07506108283996582 secs
2022-11-05 11:30:39,504 [INFO ]  Learning BN optimal structure from data with 214696 rows and 4 cols
2022-11-05 11:30:41,161 [INFO ]  Structure learning took 1.6569972038269043 secs.
2022-11-05 11:30:41,163 [INFO ]  Model spec[('postHistory.CreationDate', 'postHistory.PostId'), ('postHistory.UserId', 'postHistory.CreationDate'), ('postHistory.PostHistoryTypeId', 'postHistory.UserId')]
2022-11-05 11:30:41,163 [INFO ]  calling pgm.BayesianModel.fit...
2022-11-05 11:30:41,288 [INFO ]  done, took 0.12428522109985352 secs.
2022-11-05 11:30:41,592 [INFO ]  Discretizing table takes 0.29167914390563965 secs
2022-11-05 11:30:41,592 [INFO ]  Learning BN optimal structure from data with 65513 rows and 9 cols
2022-11-05 11:30:43,141 [INFO ]  Structure learning took 1.548557996749878 secs.
2022-11-05 11:30:43,145 [INFO ]  Model spec[('posts.AnswerCount', 'posts.PostTypeId'), ('posts.OwnerUserId', 'posts.CreationDate'), ('posts.Id', 'posts.Score'), ('posts.FavoriteCount', 'posts.ViewCount'), ('posts.ViewCount', 'posts.OwnerUserId'), ('posts.ViewCount', 'posts.AnswerCount'), ('posts.Id', 'posts.CommentCount'), ('posts.Id', 'posts.FavoriteCount')]
2022-11-05 11:30:43,145 [INFO ]  calling pgm.BayesianModel.fit...
2022-11-05 11:30:43,308 [INFO ]  done, took 0.16219186782836914 secs.
2022-11-05 11:30:44,568 [INFO ]  Discretizing table takes 1.2490410804748535 secs
2022-11-05 11:30:44,568 [INFO ]  Learning BN optimal structure from data with 25878 rows and 6 cols
2022-11-05 11:30:44,995 [INFO ]  Structure learning took 0.42696189880371094 secs.
2022-11-05 11:30:44,999 [INFO ]  Model spec[('users.Id', 'users.Reputation'), ('users.Reputation', 'users.CreationDate'), ('users.Reputation', 'users.Views'), ('users.Reputation', 'users.UpVotes'), ('users.UpVotes', 'users.DownVotes')]
2022-11-05 11:30:44,999 [INFO ]  calling pgm.BayesianModel.fit...
2022-11-05 11:30:45,084 [INFO ]  done, took 0.0850839614868164 secs.
2022-11-05 11:30:45,154 [INFO ]  Discretizing table takes 0.054605722427368164 secs
2022-11-05 11:30:45,154 [INFO ]  Learning BN optimal structure from data with 126889 rows and 4 cols
2022-11-05 11:30:46,112 [INFO ]  Structure learning took 0.9578511714935303 secs.
2022-11-05 11:30:46,115 [INFO ]  Model spec[('comments.UserId', 'comments.Score'), ('comments.PostId', 'comments.CreationDate'), ('comments.CreationDate', 'comments.UserId')]
2022-11-05 11:30:46,115 [INFO ]  calling pgm.BayesianModel.fit...
2022-11-05 11:30:46,227 [INFO ]  done, took 0.11181306838989258 secs.
2022-11-05 11:30:46,242 [INFO ]  Discretizing table takes 0.009927034378051758 secs
2022-11-05 11:30:46,242 [INFO ]  Learning BN optimal structure from data with 7191 rows and 4 cols
2022-11-05 11:30:46,370 [INFO ]  Structure learning took 0.12807011604309082 secs.
2022-11-05 11:30:46,372 [INFO ]  Model spec[('postLinks.CreationDate', 'postLinks.PostId'), ('postLinks.CreationDate', 'postLinks.RelatedPostId'), ('postLinks.CreationDate', 'postLinks.LinkTypeId')]
2022-11-05 11:30:46,372 [INFO ]  calling pgm.BayesianModel.fit...
2022-11-05 11:30:46,434 [INFO ]  done, took 0.06246495246887207 secs.
2022-11-05 11:30:46,445 [INFO ]  Discretizing table takes 0.0058498382568359375 secs
2022-11-05 11:30:46,445 [INFO ]  Learning BN optimal structure from data with 1032 rows and 2 cols
2022-11-05 11:30:46,450 [INFO ]  Structure learning took 0.0048367977142333984 secs.
2022-11-05 11:30:46,450 [INFO ]  Model spec[('tags.Count', 'tags.ExcerptPostId')]
2022-11-05 11:30:46,450 [INFO ]  calling pgm.BayesianModel.fit...
2022-11-05 11:30:46,462 [INFO ]  done, took 0.011061906814575195 secs.
2022-11-05 11:30:48,225 [WARNI]  Replacing existing CPD for badges.Date
2022-11-05 11:30:48,226 [WARNI]  Replacing existing CPD for badges.UserId
2022-11-05 11:30:48,527 [WARNI]  Replacing existing CPD for votes.BountyAmount
2022-11-05 11:30:48,527 [WARNI]  Replacing existing CPD for votes.CreationDate
2022-11-05 11:30:48,528 [WARNI]  Replacing existing CPD for votes.PostId
2022-11-05 11:30:48,528 [WARNI]  Replacing existing CPD for votes.UserId
2022-11-05 11:30:48,528 [WARNI]  Replacing existing CPD for votes.VoteTypeId
2022-11-05 11:30:48,756 [WARNI]  Replacing existing CPD for postHistory.CreationDate
2022-11-05 11:30:48,756 [WARNI]  Replacing existing CPD for postHistory.PostHistoryTypeId
2022-11-05 11:30:48,756 [WARNI]  Replacing existing CPD for postHistory.PostId
2022-11-05 11:30:48,756 [WARNI]  Replacing existing CPD for postHistory.UserId
2022-11-05 11:30:49,099 [WARNI]  Replacing existing CPD for posts.AnswerCount
2022-11-05 11:30:49,099 [WARNI]  Replacing existing CPD for posts.CommentCount
2022-11-05 11:30:49,099 [WARNI]  Replacing existing CPD for posts.CreationDate
2022-11-05 11:30:49,099 [WARNI]  Replacing existing CPD for posts.FavoriteCount
2022-11-05 11:30:49,099 [WARNI]  Replacing existing CPD for posts.Id
2022-11-05 11:30:49,099 [WARNI]  Replacing existing CPD for posts.OwnerUserId
2022-11-05 11:30:49,099 [WARNI]  Replacing existing CPD for posts.PostTypeId
2022-11-05 11:30:49,099 [WARNI]  Replacing existing CPD for posts.Score
2022-11-05 11:30:49,099 [WARNI]  Replacing existing CPD for posts.ViewCount
2022-11-05 11:30:49,587 [WARNI]  Replacing existing CPD for users.CreationDate
2022-11-05 11:30:49,587 [WARNI]  Replacing existing CPD for users.DownVotes
2022-11-05 11:30:49,587 [WARNI]  Replacing existing CPD for users.Id
2022-11-05 11:30:49,587 [WARNI]  Replacing existing CPD for users.Reputation
2022-11-05 11:30:49,587 [WARNI]  Replacing existing CPD for users.UpVotes
2022-11-05 11:30:49,587 [WARNI]  Replacing existing CPD for users.Views
2022-11-05 11:30:49,769 [WARNI]  Replacing existing CPD for comments.CreationDate
2022-11-05 11:30:49,769 [WARNI]  Replacing existing CPD for comments.PostId
2022-11-05 11:30:49,770 [WARNI]  Replacing existing CPD for comments.Score
2022-11-05 11:30:49,770 [WARNI]  Replacing existing CPD for comments.UserId
2022-11-05 11:30:49,883 [WARNI]  Replacing existing CPD for postLinks.CreationDate
2022-11-05 11:30:49,883 [WARNI]  Replacing existing CPD for postLinks.LinkTypeId
2022-11-05 11:30:49,883 [WARNI]  Replacing existing CPD for postLinks.PostId
2022-11-05 11:30:49,883 [WARNI]  Replacing existing CPD for postLinks.RelatedPostId
